# configure exec: ./configure --prefix=/home/pi/simon-microservice/node_modules/node-rdkafka/build/deps --libdir=/home/pi/simon-microservice/node_modules/node-rdkafka/build/deps --prefix=/home/pi/simon-microservice/node_modules/node-rdkafka/build/deps --libdir=/home/pi/simon-microservice/node_modules/node-rdkafka/build/deps
# On Sat 18 Jun 2022 11:37:04 PM CEST
DBG 684024: Setting distro (distro) status to ok (action ignore)
DBG 684024: ccenv: WITH_CC:  --version failed: mklove/modules/configure.base: line 1798: --version: command not found
DBG 684024: Setting ccenv (ccenv) status to failed (action cont)
DBG 684024: Check ccenv (WITH_CC, action cont (originally cont)) failed: command ' --version' failed:
mklove/modules/configure.base: line 1798: --version: command not found
DBG 684024: Setting gcc (gcc) status to ok (action cont)
DBG 684024: cxxenv: WITH_CXX:  --version failed: mklove/modules/configure.base: line 1798: --version: command not found
DBG 684024: Setting cxxenv (cxxenv) status to failed (action cont)
DBG 684024: Check cxxenv (WITH_CXX, action cont (originally cont)) failed: command ' --version' failed:
mklove/modules/configure.base: line 1798: --version: command not found
DBG 684024: Setting gxx (gxx) status to ok (action cont)
DBG 684024: Setting ld (ld) status to ok (action disable)
DBG 684024: Setting nm (nm) status to ok (action disable)
DBG 684024: Setting objdump (objdump) status to ok (action disable)
DBG 684024: Setting strip (strip) status to ok (action disable)
DBG 684024: libtool: : libtool is not executable: 
DBG 684024: Setting libtool (libtool) status to failed (action disable)
DBG 684024: Check libtool (, action disable (originally disable)) failed: libtool is not executable
DBG 684024: Setting ranlib (ranlib) status to ok (action disable)
DBG 684024: Setting pkgconfig (pkgconfig) status to ok (action cont)
DBG 684024: Setting install (install) status to ok (action cont)
DBG 684024: Setting gnuar (gnuar) status to ok (action disable)
DBG 684024: Compile check PIC (HAVE_PIC) (sub=0): gcc  -g -O2 -Wall -Werror _mkltmpBmGvwO.c -o _mkltmpBmGvwO.c.o  -L/home/pi/simon-microservice/node_modules/node-rdkafka/build/deps -fPIC
DBG 684024: Setting PIC (PIC) status to ok (action disable)
DBG 684024: Compile check gnulib (WITH_GNULD) (sub=0): gcc  -g -O2 -fPIC -Wall -Werror _mkltmpo3WK89.c -o _mkltmpo3WK89.c.o  -L/home/pi/simon-microservice/node_modules/node-rdkafka/build/deps -shared -Wl,-soname,mkltest.0
DBG 684024: Setting gnulib (gnulib) status to ok (action cont)
DBG 684024: Compile check ldsflagvs () (sub=0): gcc  -g -O2 -fPIC -Wall -Werror _mkltmpBnVdes.c -o _mkltmpBnVdes.c.o  -L/home/pi/simon-microservice/node_modules/node-rdkafka/build/deps -shared -Wl,--version-script=_mkltmpkokMvE
DBG 684024: Setting ldsflagvs (ldsflagvs) status to ok (action cont)
DBG 684024: Compile check __atomic_32 (HAVE_ATOMICS_32) (sub=0): gcc  -g -O2 -fPIC -Wall -Werror _mkltmpi2ceHh.c -o _mkltmpi2ceHh.c.o  -L/home/pi/simon-microservice/node_modules/node-rdkafka/build/deps 
DBG 684024: Setting __atomic_32 (__atomic_32) status to ok (action cont)
DBG 684024: Compile check __atomic_64 (HAVE_ATOMICS_64) (sub=0): gcc  -g -O2 -fPIC -Wall -Werror _mkltmpdTJz86.c -o _mkltmpdTJz86.c.o  -L/home/pi/simon-microservice/node_modules/node-rdkafka/build/deps 
DBG 684024: Setting __atomic_64 (__atomic_64) status to ok (action cont)
DBG 684024: Compile check socket () (sub=0): gcc  -g -O2 -fPIC -Wall -Wsign-compare -Wfloat-equal -Wpointer-arith -Wcast-align -Wall -Werror _mkltmpClgBIR.c -o _mkltmpClgBIR.c.o  -L/home/pi/simon-microservice/node_modules/node-rdkafka/build/deps 
DBG 684024: Setting socket (socket) status to ok (action cont)
DBG 684024: Setting parseversion (parseversion) status to ok (action cont)
DBG 684024: pkg-config check librt for CFLAGS (): pkg-config --short-errors --cflags librt
DBG 684024: 'pkg-config --short-errors --cflags librt' failed: No package 'librt' found
DBG 684024: Setting librt_PKGCONFIG (librt_PKGCONFIG) status to failed (action cont)
DBG 684024: Check librt_PKGCONFIG (, action cont (originally cont)) failed: 'pkg-config --short-errors --cflags librt' failed:
No package 'librt' found
DBG 684024: librt: Check for static library (libs -lrt, arfile variable STATIC_LIB_librt=, static filenames )
DBG 684024: Compile check librt () (sub=0): gcc  -g -O2 -fPIC -Wall -Wsign-compare -Wfloat-equal -Wpointer-arith -Wcast-align -Wall -Werror _mkltmpKplqcK.c -o _mkltmpKplqcK.c.o  -L/home/pi/simon-microservice/node_modules/node-rdkafka/build/deps -lrt
DBG 684024: Setting librt (librt) status to ok (action cont)
DBG 684024: librt: from lib_check: LIBS: prepend -lrt
DBG 684024: pkg-config check libpthread for CFLAGS (): pkg-config --short-errors --cflags libpthread
DBG 684024: 'pkg-config --short-errors --cflags libpthread' failed: No package 'libpthread' found
DBG 684024: Setting libpthread_PKGCONFIG (libpthread_PKGCONFIG) status to failed (action cont)
DBG 684024: Check libpthread_PKGCONFIG (, action cont (originally cont)) failed: 'pkg-config --short-errors --cflags libpthread' failed:
No package 'libpthread' found
DBG 684024: libpthread: Check for static library (libs -lpthread, arfile variable STATIC_LIB_libpthread=, static filenames )
DBG 684024: Compile check libpthread () (sub=0): gcc  -g -O2 -fPIC -Wall -Wsign-compare -Wfloat-equal -Wpointer-arith -Wcast-align -Wall -Werror _mkltmpSB9hVx.c -o _mkltmpSB9hVx.c.o  -L/home/pi/simon-microservice/node_modules/node-rdkafka/build/deps -lpthread
DBG 684024: Setting libpthread (libpthread) status to ok (action fail)
DBG 684024: libpthread: from lib_check: LIBS: prepend -lpthread
DBG 684024: pkg-config check c11threads for CFLAGS (WITH_C11THREADS): pkg-config --short-errors --cflags c11threads
DBG 684024: 'pkg-config --short-errors --cflags c11threads' failed: No package 'c11threads' found
DBG 684024: Setting c11threads_PKGCONFIG (c11threads_PKGCONFIG) status to failed (action cont)
DBG 684024: Check c11threads_PKGCONFIG (, action cont (originally cont)) failed: 'pkg-config --short-errors --cflags c11threads' failed:
No package 'c11threads' found
DBG 684024: c11threads: Check for static library (libs -lpthread -lrt, arfile variable STATIC_LIB_c11threads=, static filenames )
DBG 684024: Compile check c11threads (WITH_C11THREADS) (sub=0): gcc  -g -O2 -fPIC -Wall -Wsign-compare -Wfloat-equal -Wpointer-arith -Wcast-align -Wall -Werror _mkltmpHQfcJy.c -o _mkltmpHQfcJy.c.o  -L/home/pi/simon-microservice/node_modules/node-rdkafka/build/deps -lpthread -lrt
DBG 684024: Setting c11threads (c11threads) status to ok (action disable)
DBG 684024: c11threads: from lib_check: LIBS: prepend -lpthread -lrt
DBG 684024: pkg-config check libdl for CFLAGS (WITH_LIBDL): pkg-config --short-errors --cflags libdl
DBG 684024: 'pkg-config --short-errors --cflags libdl' failed: No package 'libdl' found
DBG 684024: Setting libdl_PKGCONFIG (libdl_PKGCONFIG) status to failed (action cont)
DBG 684024: Check libdl_PKGCONFIG (, action cont (originally cont)) failed: 'pkg-config --short-errors --cflags libdl' failed:
No package 'libdl' found
DBG 684024: libdl: Check for static library (libs -ldl, arfile variable STATIC_LIB_libdl=, static filenames )
DBG 684024: Compile check libdl (WITH_LIBDL) (sub=0): gcc  -g -O2 -fPIC -Wall -Wsign-compare -Wfloat-equal -Wpointer-arith -Wcast-align -Wall -Werror _mkltmpzDZ9KM.c -o _mkltmpzDZ9KM.c.o  -L/home/pi/simon-microservice/node_modules/node-rdkafka/build/deps -ldl
DBG 684024: Setting libdl (libdl) status to ok (action disable)
DBG 684024: libdl: from lib_check: LIBS: prepend -ldl
DBG 684024: pkg-config check zlib for CFLAGS (WITH_ZLIB): pkg-config --short-errors --cflags zlib
DBG 684024: pkg-config check zlib for LIBS (WITH_ZLIB): pkg-config --short-errors --libs zlib
DBG 684024: zlib: from pkg-config: CFLAGS '', LIBS '-ldl -lpthread -lrt -lpthread -lrt'
DBG 684024: zlib: performing compile check using pkg-config info
DBG 684024: Compile check zlib (WITH_ZLIB) (sub=1): gcc  -g -O2 -fPIC -Wall -Wsign-compare -Wfloat-equal -Wpointer-arith -Wcast-align -Wall -Werror _mkltmpHYODeW.c -o _mkltmpHYODeW.c.o  -L/home/pi/simon-microservice/node_modules/node-rdkafka/build/deps  -lz
DBG 684024: zlib: Check for static library (libs -lz, arfile variable STATIC_LIB_zlib=, static filenames libz.a)
DBG 684024: zlib: from pkg-config: LIBS: prepend -lz
DBG 684024: Setting zlib (zlib) status to ok (action cont)
DBG 684024: pkg-config check libcrypto for CFLAGS (): pkg-config --short-errors --cflags libcrypto
DBG 684024: pkg-config check libcrypto for LIBS (): pkg-config --short-errors --libs libcrypto
DBG 684024: libcrypto: from pkg-config: CFLAGS '', LIBS '-lz -ldl -lpthread -lrt -lpthread -lrt'
DBG 684024: libcrypto: performing compile check using pkg-config info
DBG 684024: Compile check libcrypto () (sub=1): gcc  -g -O2 -fPIC -Wall -Wsign-compare -Wfloat-equal -Wpointer-arith -Wcast-align -Wall -Werror _mkltmp7j3xSE.c -o _mkltmp7j3xSE.c.o  -L/home/pi/simon-microservice/node_modules/node-rdkafka/build/deps  -lcrypto
DBG 684024: libcrypto: Check for static library (libs -lcrypto, arfile variable STATIC_LIB_libcrypto=, static filenames libcrypto.a)
DBG 684024: libcrypto: from pkg-config: LIBS: prepend -lcrypto
DBG 684024: Setting libcrypto (libcrypto) status to ok (action cont)
DBG 684024: pkg-config check libssl for CFLAGS (WITH_SSL): pkg-config --short-errors --cflags libssl
DBG 684024: pkg-config check libssl for LIBS (WITH_SSL): pkg-config --short-errors --libs libssl
DBG 684024: libssl: from pkg-config: CFLAGS '', LIBS '-lcrypto -lz -ldl -lpthread -lrt -lpthread -lrt'
DBG 684024: libssl: performing compile check using pkg-config info
DBG 684024: Compile check libssl (WITH_SSL) (sub=1): gcc  -g -O2 -fPIC -Wall -Wsign-compare -Wfloat-equal -Wpointer-arith -Wcast-align -Wall -Werror _mkltmpViILyu.c -o _mkltmpViILyu.c.o  -L/home/pi/simon-microservice/node_modules/node-rdkafka/build/deps  -lssl
DBG 684024: libssl: Check for static library (libs -lssl, arfile variable STATIC_LIB_libssl=, static filenames libssl.a)
DBG 684024: libssl: from pkg-config: LIBS: prepend -lssl
DBG 684024: Setting libssl (libssl) status to ok (action cont)
DBG 684024: pkg-config check libsasl2 for CFLAGS (WITH_SASL_CYRUS): pkg-config --short-errors --cflags libsasl2
DBG 684024: 'pkg-config --short-errors --cflags libsasl2' failed: No package 'libsasl2' found
DBG 684024: Setting libsasl2_PKGCONFIG (libsasl2_PKGCONFIG) status to failed (action cont)
DBG 684024: Check libsasl2_PKGCONFIG (, action cont (originally cont)) failed: 'pkg-config --short-errors --cflags libsasl2' failed:
No package 'libsasl2' found
DBG 684024: libsasl2: Check for static library (libs -lsasl2, arfile variable STATIC_LIB_libsasl2=, static filenames )
DBG 684024: Compile check libsasl2 (WITH_SASL_CYRUS) (sub=0): gcc  -g -O2 -fPIC -Wall -Wsign-compare -Wfloat-equal -Wpointer-arith -Wcast-align -Wall -Werror _mkltmpgk3g77.c -o _mkltmpgk3g77.c.o  -L/home/pi/simon-microservice/node_modules/node-rdkafka/build/deps -lsasl2
DBG 684024: compile check for libsasl2 (WITH_SASL_CYRUS) failed: gcc  -g -O2 -fPIC -Wall -Wsign-compare -Wfloat-equal -Wpointer-arith -Wcast-align -Wall -Werror _mkltmpgk3g77.c -o _mkltmpgk3g77.c.o  -L/home/pi/simon-microservice/node_modules/node-rdkafka/build/deps -lsasl2: _mkltmpgk3g77.c:3:10: fatal error: sasl/sasl.h: No such file or directory
    3 | #include <sasl/sasl.h>
      |          ^~~~~~~~~~~~~
compilation terminated.
DBG 684024: Setting libsasl2 (libsasl2) status to failed (action disable)
DBG 684024: Check libsasl2 (WITH_SASL_CYRUS, action disable (originally disable)) failed: compile check failed:
CC: CC
flags: -lsasl2
gcc  -g -O2 -fPIC -Wall -Wsign-compare -Wfloat-equal -Wpointer-arith -Wcast-align -Wall -Werror _mkltmpgk3g77.c -o _mkltmpgk3g77.c.o  -L/home/pi/simon-microservice/node_modules/node-rdkafka/build/deps -lsasl2:
_mkltmpgk3g77.c:3:10: fatal error: sasl/sasl.h: No such file or directory
    3 | #include <sasl/sasl.h>
      |          ^~~~~~~~~~~~~
compilation terminated.
source: 
#include <stddef.h>
#include <sasl/sasl.h>

DBG 684024: pkg-config check libsasl for CFLAGS (WITH_SASL_CYRUS): pkg-config --short-errors --cflags libsasl
DBG 684024: 'pkg-config --short-errors --cflags libsasl' failed: No package 'libsasl' found
DBG 684024: Setting libsasl_PKGCONFIG (libsasl_PKGCONFIG) status to failed (action cont)
DBG 684024: Check libsasl_PKGCONFIG (, action cont (originally cont)) failed: 'pkg-config --short-errors --cflags libsasl' failed:
No package 'libsasl' found
DBG 684024: libsasl: Check for static library (libs -lsasl, arfile variable STATIC_LIB_libsasl=, static filenames )
DBG 684024: Compile check libsasl (WITH_SASL_CYRUS) (sub=0): gcc  -g -O2 -fPIC -Wall -Wsign-compare -Wfloat-equal -Wpointer-arith -Wcast-align -Wall -Werror _mkltmpahQcM1.c -o _mkltmpahQcM1.c.o  -L/home/pi/simon-microservice/node_modules/node-rdkafka/build/deps -lsasl
DBG 684024: compile check for libsasl (WITH_SASL_CYRUS) failed: gcc  -g -O2 -fPIC -Wall -Wsign-compare -Wfloat-equal -Wpointer-arith -Wcast-align -Wall -Werror _mkltmpahQcM1.c -o _mkltmpahQcM1.c.o  -L/home/pi/simon-microservice/node_modules/node-rdkafka/build/deps -lsasl: _mkltmpahQcM1.c:3:10: fatal error: sasl/sasl.h: No such file or directory
    3 | #include <sasl/sasl.h>
      |          ^~~~~~~~~~~~~
compilation terminated.
DBG 684024: Setting libsasl (libsasl) status to failed (action disable)
DBG 684024: Check libsasl (WITH_SASL_CYRUS, action disable (originally disable)) failed: compile check failed:
CC: CC
flags: -lsasl
gcc  -g -O2 -fPIC -Wall -Wsign-compare -Wfloat-equal -Wpointer-arith -Wcast-align -Wall -Werror _mkltmpahQcM1.c -o _mkltmpahQcM1.c.o  -L/home/pi/simon-microservice/node_modules/node-rdkafka/build/deps -lsasl:
_mkltmpahQcM1.c:3:10: fatal error: sasl/sasl.h: No such file or directory
    3 | #include <sasl/sasl.h>
      |          ^~~~~~~~~~~~~
compilation terminated.
source: 
#include <stddef.h>
#include <sasl/sasl.h>

DBG 684024: pkg-config check libzstd for CFLAGS (WITH_ZSTD): pkg-config --short-errors --cflags libzstd
DBG 684024: 'pkg-config --short-errors --cflags libzstd' failed: No package 'libzstd' found
DBG 684024: Setting libzstd_PKGCONFIG (libzstd_PKGCONFIG) status to failed (action cont)
DBG 684024: Check libzstd_PKGCONFIG (, action cont (originally cont)) failed: 'pkg-config --short-errors --cflags libzstd' failed:
No package 'libzstd' found
DBG 684024: libzstd: Check for static library (libs -lzstd, arfile variable STATIC_LIB_libzstd=, static filenames libzstd.a)
DBG 684024: Compile check libzstd (WITH_ZSTD) (sub=0): gcc  -g -O2 -fPIC -Wall -Wsign-compare -Wfloat-equal -Wpointer-arith -Wcast-align -Wall -Werror _mkltmpvgoQ71.c -o _mkltmpvgoQ71.c.o  -L/home/pi/simon-microservice/node_modules/node-rdkafka/build/deps -lzstd
DBG 684024: compile check for libzstd (WITH_ZSTD) failed: gcc  -g -O2 -fPIC -Wall -Wsign-compare -Wfloat-equal -Wpointer-arith -Wcast-align -Wall -Werror _mkltmpvgoQ71.c -o _mkltmpvgoQ71.c.o  -L/home/pi/simon-microservice/node_modules/node-rdkafka/build/deps -lzstd: _mkltmpvgoQ71.c:2:10: fatal error: zstd.h: No such file or directory
    2 | #include <zstd.h>
      |          ^~~~~~~~
compilation terminated.
DBG 684024: Setting libzstd (libzstd) status to failed (action disable)
DBG 684024: Check libzstd (WITH_ZSTD, action disable (originally disable)) failed: compile check failed:
CC: CC
flags: -lzstd
gcc  -g -O2 -fPIC -Wall -Wsign-compare -Wfloat-equal -Wpointer-arith -Wcast-align -Wall -Werror _mkltmpvgoQ71.c -o _mkltmpvgoQ71.c.o  -L/home/pi/simon-microservice/node_modules/node-rdkafka/build/deps -lzstd:
_mkltmpvgoQ71.c:2:10: fatal error: zstd.h: No such file or directory
    2 | #include <zstd.h>
      |          ^~~~~~~~
compilation terminated.
source: 
#include <zstd.h>
#include <zstd_errors.h>

void foo (void) {
     ZSTD_getFrameContentSize(NULL, 0);
}

DBG 684024: pkg-config check libm for CFLAGS (): pkg-config --short-errors --cflags libm
DBG 684024: 'pkg-config --short-errors --cflags libm' failed: No package 'libm' found
DBG 684024: Setting libm_PKGCONFIG (libm_PKGCONFIG) status to failed (action cont)
DBG 684024: Check libm_PKGCONFIG (, action cont (originally cont)) failed: 'pkg-config --short-errors --cflags libm' failed:
No package 'libm' found
DBG 684024: libm: Check for static library (libs -lm, arfile variable STATIC_LIB_libm=, static filenames )
DBG 684024: Compile check libm () (sub=0): gcc  -g -O2 -fPIC -Wall -Wsign-compare -Wfloat-equal -Wpointer-arith -Wcast-align -Wall -Werror _mkltmpMKiuN9.c -o _mkltmpMKiuN9.c.o  -L/home/pi/simon-microservice/node_modules/node-rdkafka/build/deps -lm
DBG 684024: Setting libm (libm) status to ok (action disable)
DBG 684024: libm: from lib_check: LIBS: prepend -lm
DBG 684024: pkg-config check liblz4 for CFLAGS (WITH_LZ4_EXT): pkg-config --short-errors --cflags liblz4
DBG 684024: 'pkg-config --short-errors --cflags liblz4' failed: No package 'liblz4' found
DBG 684024: Setting liblz4_PKGCONFIG (liblz4_PKGCONFIG) status to failed (action cont)
DBG 684024: Check liblz4_PKGCONFIG (, action cont (originally cont)) failed: 'pkg-config --short-errors --cflags liblz4' failed:
No package 'liblz4' found
DBG 684024: liblz4: Check for static library (libs -llz4, arfile variable STATIC_LIB_liblz4=, static filenames liblz4.a)
DBG 684024: Compile check liblz4 (WITH_LZ4_EXT) (sub=0): gcc  -g -O2 -fPIC -Wall -Wsign-compare -Wfloat-equal -Wpointer-arith -Wcast-align -Wall -Werror _mkltmpYi181M.c -o _mkltmpYi181M.c.o  -L/home/pi/simon-microservice/node_modules/node-rdkafka/build/deps -llz4
DBG 684024: compile check for liblz4 (WITH_LZ4_EXT) failed: gcc  -g -O2 -fPIC -Wall -Wsign-compare -Wfloat-equal -Wpointer-arith -Wcast-align -Wall -Werror _mkltmpYi181M.c -o _mkltmpYi181M.c.o  -L/home/pi/simon-microservice/node_modules/node-rdkafka/build/deps -llz4: _mkltmpYi181M.c:1:10: fatal error: lz4frame.h: No such file or directory
    1 | #include <lz4frame.h>
      |          ^~~~~~~~~~~~
compilation terminated.
DBG 684024: Setting liblz4 (liblz4) status to failed (action disable)
DBG 684024: Check liblz4 (WITH_LZ4_EXT, action disable (originally disable)) failed: compile check failed:
CC: CC
flags: -llz4
gcc  -g -O2 -fPIC -Wall -Wsign-compare -Wfloat-equal -Wpointer-arith -Wcast-align -Wall -Werror _mkltmpYi181M.c -o _mkltmpYi181M.c.o  -L/home/pi/simon-microservice/node_modules/node-rdkafka/build/deps -llz4:
_mkltmpYi181M.c:1:10: fatal error: lz4frame.h: No such file or directory
    1 | #include <lz4frame.h>
      |          ^~~~~~~~~~~~
compilation terminated.
source: #include <lz4frame.h>
DBG 684024: Compile check syslog (WITH_SYSLOG) (sub=0): gcc  -g -O2 -fPIC -Wall -Wsign-compare -Wfloat-equal -Wpointer-arith -Wcast-align -Wall -Werror _mkltmpvn1fet.c -o _mkltmpvn1fet.c.o  -L/home/pi/simon-microservice/node_modules/node-rdkafka/build/deps 
DBG 684024: Setting syslog (syslog) status to ok (action disable)
DBG 684024: Compile check rapidjson (WITH_RAPIDJSON) (sub=0): g++  -g -O2 -fPIC -Wall -Wsign-compare -Wfloat-equal -Wpointer-arith -Wcast-align -Wall -Werror _mkltmpNQKyrR.cpp -o _mkltmpNQKyrR.cpp.o  -L/home/pi/simon-microservice/node_modules/node-rdkafka/build/deps 
DBG 684024: compile check for rapidjson (WITH_RAPIDJSON) failed: g++  -g -O2 -fPIC -Wall -Wsign-compare -Wfloat-equal -Wpointer-arith -Wcast-align -Wall -Werror _mkltmpNQKyrR.cpp -o _mkltmpNQKyrR.cpp.o  -L/home/pi/simon-microservice/node_modules/node-rdkafka/build/deps : _mkltmpNQKyrR.cpp:1:10: fatal error: rapidjson/schema.h: No such file or directory
    1 | #include <rapidjson/schema.h>
      |          ^~~~~~~~~~~~~~~~~~~~
compilation terminated.
DBG 684024: Setting rapidjson (rapidjson) status to failed (action disable)
DBG 684024: Check rapidjson (WITH_RAPIDJSON, action disable (originally disable)) failed: compile check failed:
CC: CXX
flags: 
g++  -g -O2 -fPIC -Wall -Wsign-compare -Wfloat-equal -Wpointer-arith -Wcast-align -Wall -Werror _mkltmpNQKyrR.cpp -o _mkltmpNQKyrR.cpp.o  -L/home/pi/simon-microservice/node_modules/node-rdkafka/build/deps :
_mkltmpNQKyrR.cpp:1:10: fatal error: rapidjson/schema.h: No such file or directory
    1 | #include <rapidjson/schema.h>
      |          ^~~~~~~~~~~~~~~~~~~~
compilation terminated.
source: #include <rapidjson/schema.h>
DBG 684024: Compile check crc32chw (WITH_CRC32C_HW) (sub=0): gcc  -g -O2 -fPIC -Wall -Wsign-compare -Wfloat-equal -Wpointer-arith -Wcast-align -Wall -Werror _mkltmpYkMzU5.c -o _mkltmpYkMzU5.c.o  -L/home/pi/simon-microservice/node_modules/node-rdkafka/build/deps 
DBG 684024: compile check for crc32chw (WITH_CRC32C_HW) failed: gcc  -g -O2 -fPIC -Wall -Wsign-compare -Wfloat-equal -Wpointer-arith -Wcast-align -Wall -Werror _mkltmpYkMzU5.c -o _mkltmpYkMzU5.c.o  -L/home/pi/simon-microservice/node_modules/node-rdkafka/build/deps : _mkltmpYkMzU5.c: In function ‘foo’:
_mkltmpYkMzU5.c:11:4: error: unknown register name ‘%edx’ in ‘asm’
   11 |    __asm__("cpuid"
      |    ^~~~~~~
_mkltmpYkMzU5.c:11:4: error: unknown register name ‘%ebx’ in ‘asm’
DBG 684024: Setting crc32chw (crc32chw) status to failed (action disable)
DBG 684024: Check crc32chw (WITH_CRC32C_HW, action disable (originally disable)) failed: compile check failed:
CC: CC
flags: 
gcc  -g -O2 -fPIC -Wall -Wsign-compare -Wfloat-equal -Wpointer-arith -Wcast-align -Wall -Werror _mkltmpYkMzU5.c -o _mkltmpYkMzU5.c.o  -L/home/pi/simon-microservice/node_modules/node-rdkafka/build/deps :
_mkltmpYkMzU5.c: In function ‘foo’:
_mkltmpYkMzU5.c:11:4: error: unknown register name ‘%edx’ in ‘asm’
   11 |    __asm__("cpuid"
      |    ^~~~~~~
_mkltmpYkMzU5.c:11:4: error: unknown register name ‘%ebx’ in ‘asm’
source: 
#include <inttypes.h>
#include <stdio.h>
#define LONGx1 "8192"
#define LONGx2 "16384"
void foo (void) {
   const char *n = "abcdefghijklmnopqrstuvwxyz0123456789";
   uint64_t c0 = 0, c1 = 1, c2 = 2;
   uint64_t s;
   uint32_t eax = 1, ecx;
   __asm__("cpuid"
           : "=c"(ecx)
           : "a"(eax)
           : "%ebx", "%edx");
   __asm__("crc32b\t" "(%1), %0"
           : "=r"(c0)
           : "r"(n), "0"(c0));
   __asm__("crc32q\t" "(%3), %0\n\t"
           "crc32q\t" LONGx1 "(%3), %1\n\t"
           "crc32q\t" LONGx2 "(%3), %2"
           : "=r"(c0), "=r"(c1), "=r"(c2)
           : "r"(n), "0"(c0), "1"(c1), "2"(c2));
  s = c0 + c1 + c2;
  printf("avoiding unused code removal by printing %d, %d, %d\n", (int)s, (int)eax, (int)ecx);
}

DBG 684024: Compile check regex (HAVE_REGEX) (sub=0): gcc  -g -O2 -fPIC -Wall -Wsign-compare -Wfloat-equal -Wpointer-arith -Wcast-align -Wall -Werror _mkltmprLOmfI.c -o _mkltmprLOmfI.c.o  -L/home/pi/simon-microservice/node_modules/node-rdkafka/build/deps 
DBG 684024: Setting regex (regex) status to ok (action disable)
DBG 684024: Compile check rand_r (HAVE_RAND_R) (sub=0): gcc  -g -O2 -fPIC -Wall -Wsign-compare -Wfloat-equal -Wpointer-arith -Wcast-align -Wall -Werror _mkltmplhdJnK.c -o _mkltmplhdJnK.c.o  -L/home/pi/simon-microservice/node_modules/node-rdkafka/build/deps 
DBG 684024: Setting rand_r (rand_r) status to ok (action disable)
DBG 684024: Compile check strndup (HAVE_STRNDUP) (sub=0): gcc  -g -O2 -fPIC -Wall -Wsign-compare -Wfloat-equal -Wpointer-arith -Wcast-align -Wall -Werror _mkltmpgOXJcY.c -o _mkltmpgOXJcY.c.o  -L/home/pi/simon-microservice/node_modules/node-rdkafka/build/deps 
DBG 684024: Setting strndup (strndup) status to ok (action disable)
DBG 684024: Compile check strlcpy (HAVE_STRLCPY) (sub=0): gcc  -g -O2 -fPIC -Wall -Wsign-compare -Wfloat-equal -Wpointer-arith -Wcast-align -Wall -Werror _mkltmpwWlVd3.c -o _mkltmpwWlVd3.c.o  -L/home/pi/simon-microservice/node_modules/node-rdkafka/build/deps 
DBG 684024: compile check for strlcpy (HAVE_STRLCPY) failed: gcc  -g -O2 -fPIC -Wall -Wsign-compare -Wfloat-equal -Wpointer-arith -Wcast-align -Wall -Werror _mkltmpwWlVd3.c -o _mkltmpwWlVd3.c.o  -L/home/pi/simon-microservice/node_modules/node-rdkafka/build/deps : _mkltmpwWlVd3.c: In function ‘foo’:
_mkltmpwWlVd3.c:6:11: error: implicit declaration of function ‘strlcpy’; did you mean ‘strncpy’? [-Werror=implicit-function-declaration]
    6 |    return strlcpy(dest, "something", sizeof(dest));
      |           ^~~~~~~
      |           strncpy
cc1: all warnings being treated as errors
DBG 684024: Setting strlcpy (strlcpy) status to failed (action disable)
DBG 684024: Check strlcpy (HAVE_STRLCPY, action disable (originally disable)) failed: compile check failed:
CC: CC
flags: 
gcc  -g -O2 -fPIC -Wall -Wsign-compare -Wfloat-equal -Wpointer-arith -Wcast-align -Wall -Werror _mkltmpwWlVd3.c -o _mkltmpwWlVd3.c.o  -L/home/pi/simon-microservice/node_modules/node-rdkafka/build/deps :
_mkltmpwWlVd3.c: In function ‘foo’:
_mkltmpwWlVd3.c:6:11: error: implicit declaration of function ‘strlcpy’; did you mean ‘strncpy’? [-Werror=implicit-function-declaration]
    6 |    return strlcpy(dest, "something", sizeof(dest));
      |           ^~~~~~~
      |           strncpy
cc1: all warnings being treated as errors
source: 
#define _DARWIN_C_SOURCE
#include <string.h>
int foo (void) {
    char dest[4];
   return strlcpy(dest, "something", sizeof(dest));
}
DBG 684024: Compile check strerror_r (HAVE_STRERROR_R) (sub=0): gcc  -g -O2 -fPIC -Wall -Wsign-compare -Wfloat-equal -Wpointer-arith -Wcast-align -Wall -Werror _mkltmpBLgxrh.c -o _mkltmpBLgxrh.c.o  -L/home/pi/simon-microservice/node_modules/node-rdkafka/build/deps 
DBG 684024: Setting strerror_r (strerror_r) status to ok (action disable)
DBG 684024: Compile check strcasestr (HAVE_STRCASESTR) (sub=0): gcc  -g -O2 -fPIC -Wall -Wsign-compare -Wfloat-equal -Wpointer-arith -Wcast-align -Wall -Werror _mkltmpXrQtne.c -o _mkltmpXrQtne.c.o  -L/home/pi/simon-microservice/node_modules/node-rdkafka/build/deps 
DBG 684024: Setting strcasestr (strcasestr) status to ok (action disable)
DBG 684024: Compile check pthread_setname_gnu (HAVE_PTHREAD_SETNAME_GNU) (sub=0): gcc  -g -O2 -fPIC -Wall -Wsign-compare -Wfloat-equal -Wpointer-arith -Wcast-align -Wall -Werror _mkltmpX7Yg8b.c -o _mkltmpX7Yg8b.c.o  -L/home/pi/simon-microservice/node_modules/node-rdkafka/build/deps -D_GNU_SOURCE -lpthread
DBG 684024: Setting pthread_setname_gnu (pthread_setname_gnu) status to ok (action disable)
DBG 684024: Setting nm (nm) status to ok (action cont)
DBG 684024: Setting python3 (python3) status to ok (action disable)
DBG 684024: Compile check getrusage (HAVE_GETRUSAGE) (sub=0): gcc  -g -O2 -fPIC -Wall -Wsign-compare -Wfloat-equal -Wpointer-arith -Wcast-align -Wall -Werror _mkltmpKdtrqY.c -o _mkltmpKdtrqY.c.o  -L/home/pi/simon-microservice/node_modules/node-rdkafka/build/deps 
DBG 684024: Setting getrusage (getrusage) status to ok (action disable)
